<?xml version="1.0" encoding="UTF-8"?>
<!-- Generated by org.testng.reporters.JUnitReportReporter -->
<testsuite hostname="c34d2c9650af" failures="0" tests="8" name="org.udemy.globant.tests.vendorportal.VendorPortalTest" time="31.322" errors="0" timestamp="2024-05-15T05:51:28 GMT" skipped="0">
  <testcase classname="org.udemy.globant.tests.vendorportal.VendorPortalTest" name="dashboardTest" time="6.862"/>
  <testcase classname="org.udemy.globant.tests.vendorportal.VendorPortalTest" name="dashboardTest" time="6.037"/>
  <testcase classname="org.udemy.globant.tests.vendorportal.VendorPortalTest" name="dashboardTest" time="3.170"/>
  <testcase classname="org.udemy.globant.tests.vendorportal.VendorPortalTest" name="loginTest" time="2.525"/>
  <testcase classname="org.udemy.globant.tests.vendorportal.VendorPortalTest" name="dashboardTest" time="5.708"/>
  <testcase classname="org.udemy.globant.tests.vendorportal.VendorPortalTest" name="loginTest" time="2.278"/>
  <testcase classname="org.udemy.globant.tests.vendorportal.VendorPortalTest" name="loginTest" time="2.455"/>
  <testcase classname="org.udemy.globant.tests.vendorportal.VendorPortalTest" name="loginTest" time="2.287"/>
</testsuite> <!-- org.udemy.globant.tests.vendorportal.VendorPortalTest -->
