<?xml version="1.0" encoding="UTF-8"?>
<!-- Generated by org.testng.reporters.JUnitReportReporter -->
<testsuite hostname="255f736531a3" failures="0" tests="15" name="org.udemy.globant.tests.flights.FlightReservationJSONTest" time="30.663" errors="0" timestamp="2024-05-15T05:51:33 GMT" skipped="0">
  <testcase classname="org.udemy.globant.tests.flights.FlightReservationJSONTest" name="userRegistrationTest" time="3.681"/>
  <testcase classname="org.udemy.globant.tests.flights.FlightReservationJSONTest" name="registrationConfirmationTest" time="0.797"/>
  <testcase classname="org.udemy.globant.tests.flights.FlightReservationJSONTest" name="flightSelectionTest" time="3.054"/>
  <testcase classname="org.udemy.globant.tests.flights.FlightReservationJSONTest" name="userRegistrationTest" time="3.740"/>
  <testcase classname="org.udemy.globant.tests.flights.FlightReservationJSONTest" name="registrationConfirmationTest" time="1.989"/>
  <testcase classname="org.udemy.globant.tests.flights.FlightReservationJSONTest" name="flightSelectionTest" time="3.035"/>
  <testcase classname="org.udemy.globant.tests.flights.FlightReservationJSONTest" name="flightSearchTest" time="2.478"/>
  <testcase classname="org.udemy.globant.tests.flights.FlightReservationJSONTest" name="registrationConfirmationTest" time="0.830"/>
  <testcase classname="org.udemy.globant.tests.flights.FlightReservationJSONTest" name="userRegistrationTest" time="3.714"/>
  <testcase classname="org.udemy.globant.tests.flights.FlightReservationJSONTest" name="flightSearchTest" time="1.631"/>
  <testcase classname="org.udemy.globant.tests.flights.FlightReservationJSONTest" name="flightSearchTest" time="1.093"/>
  <testcase classname="org.udemy.globant.tests.flights.FlightReservationJSONTest" name="flightSelectionTest" time="2.988"/>
  <testcase classname="org.udemy.globant.tests.flights.FlightReservationJSONTest" name="flightConfirmationTest" time="0.700"/>
  <testcase classname="org.udemy.globant.tests.flights.FlightReservationJSONTest" name="flightConfirmationTest" time="0.186"/>
  <testcase classname="org.udemy.globant.tests.flights.FlightReservationJSONTest" name="flightConfirmationTest" time="0.747"/>
</testsuite> <!-- org.udemy.globant.tests.flights.FlightReservationJSONTest -->
